[Nest] 79421  - 01/04/2026, 3:55:42 AM     LOG [NestFactory] Starting Nest application...
[Nest] 79421  - 01/04/2026, 3:55:42 AM     LOG [InstanceLoader] AppModule dependencies initialized +351ms
[Nest] 79421  - 01/04/2026, 3:55:42 AM     LOG [InstanceLoader] DatabaseModule dependencies initialized +0ms
[Nest] 79421  - 01/04/2026, 3:55:42 AM     LOG [InstanceLoader] ConfigHostModule dependencies initialized +0ms
[Nest] 79421  - 01/04/2026, 3:55:42 AM     LOG [InstanceLoader] AnalysisModule dependencies initialized +1ms
[Nest] 79421  - 01/04/2026, 3:55:42 AM     LOG [InstanceLoader] HistoryModule dependencies initialized +0ms
[Nest] 79421  - 01/04/2026, 3:55:42 AM     LOG [InstanceLoader] PredictionModule dependencies initialized +0ms
[Nest] 79421  - 01/04/2026, 3:55:42 AM     LOG [InstanceLoader] ConfigModule dependencies initialized +0ms
[Nest] 79421  - 01/04/2026, 3:55:43 AM     LOG [RoutesResolver] PredictionController {/api/predictions}: +71ms
[Nest] 79421  - 01/04/2026, 3:55:43 AM     LOG [RouterExplorer] Mapped {/api/predictions/single, POST} route +8ms
[Nest] 79421  - 01/04/2026, 3:55:43 AM     LOG [RouterExplorer] Mapped {/api/predictions/batch, POST} route +0ms
[Nest] 79421  - 01/04/2026, 3:55:43 AM     LOG [RouterExplorer] Mapped {/api/predictions/models, GET} route +1ms
[Nest] 79421  - 01/04/2026, 3:55:43 AM     LOG [RouterExplorer] Mapped {/api/predictions/:id, GET} route +413ms
[Nest] 79421  - 01/04/2026, 3:55:43 AM     LOG [RoutesResolver] AnalysisController {/api/analysis}: +0ms
[Nest] 79421  - 01/04/2026, 3:55:43 AM     LOG [RouterExplorer] Mapped {/api/analysis/features, POST} route +1ms
[Nest] 79421  - 01/04/2026, 3:55:43 AM     LOG [RouterExplorer] Mapped {/api/analysis/physicochemical, POST} route +0ms
[Nest] 79421  - 01/04/2026, 3:55:43 AM     LOG [RoutesResolver] HistoryController {/api/history}: +0ms
[Nest] 79421  - 01/04/2026, 3:55:43 AM     LOG [RouterExplorer] Mapped {/api/history, GET} route +0ms
[Nest] 79421  - 01/04/2026, 3:55:43 AM     LOG [RouterExplorer] Mapped {/api/history/stats, GET} route +1ms
[Nest] 79421  - 01/04/2026, 3:55:43 AM     LOG [RouterExplorer] Mapped {/api/history/search, GET} route +1ms
[Nest] 79421  - 01/04/2026, 3:55:43 AM     LOG [NestApplication] Nest application successfully started +45ms
🚀 NestJS API running on http://localhost:3001
📚 API Documentation: http://localhost:3001/api/docs
