
> peptide-toxicity-frontend@1.0.0 dev
> vite


  VITE v5.4.21  ready in 5076 ms

  ➜  Local:   http://localhost:3000/
  ➜  Network: use --host to expose
4:55:57 AM [vite] hmr update /src/views/AnalysisView.vue, /src/assets/main.css
5:05:02 AM [vite] hmr update /src/views/DashboardView.vue, /src/assets/main.css
5:10:23 AM [vite] hmr update /src/views/DashboardView.vue, /src/assets/main.css
5:17:00 AM [vite] hmr update /src/views/PredictView.vue, /src/assets/main.css
5:20:10 AM [vite] hmr update /src/views/AnalysisView.vue, /src/assets/main.css
5:25:42 AM [vite] hmr update /src/views/HistoryView.vue, /src/assets/main.css
5:31:06 AM [vite] hmr update /src/views/DashboardView.vue, /src/assets/main.css
5:38:44 AM [vite] hmr update /src/views/PredictView.vue, /src/assets/main.css
5:42:04 AM [vite] hmr update /src/views/AnalysisView.vue, /src/assets/main.css
5:48:22 AM [vite] hmr update /src/views/HistoryView.vue, /src/assets/main.css
5:56:43 AM [vite] hmr update /src/views/DashboardView.vue, /src/assets/main.css
5:59:45 AM [vite] hmr update /src/views/DashboardView.vue, /src/assets/main.css
6:00:03 AM [vite] hmr update /src/views/DashboardView.vue, /src/assets/main.css
6:00:40 AM [vite] hmr update /src/views/DashboardView.vue, /src/assets/main.css
6:00:50 AM [vite] hmr update /src/views/DashboardView.vue, /src/assets/main.css
6:01:04 AM [vite] hmr update /src/views/DashboardView.vue, /src/assets/main.css
6:01:59 AM [vite] hmr update /src/views/PredictView.vue, /src/assets/main.css
6:02:02 AM [vite] hmr update /src/views/HistoryView.vue, /src/assets/main.css
6:02:03 AM [vite] hmr update /src/views/DashboardView.vue, /src/assets/main.css
6:02:04 AM [vite] hmr update /src/views/AnalysisView.vue, /src/assets/main.css
9:48:46 PM [vite] changed tsconfig file detected: /Users/oussamaashad/code/peptide-toxicity-prediction(3)/frontend/tsconfig.node.json - Clearing cache and forcing full-reload to ensure TypeScript is compiled with updated config values.
9:48:46 PM [vite] page reload tsconfig.node.json
9:48:46 PM [vite] page reload postcss.config.js
9:48:46 PM [vite] hmr update /src/assets/main.css, /src/views/AnalysisView.vue, /src/views/PredictView.vue, /src/views/HistoryView.vue
9:48:46 PM [vite] hmr update /src/assets/main.css
9:49:22 PM [vite] hmr update /src/components/AppHeader.vue, /src/assets/main.css
9:49:25 PM [vite] hmr update /src/components/AppHeader.vue, /src/assets/main.css
9:49:28 PM [vite] hmr update /src/views/DashboardView.vue, /src/assets/main.css
9:49:31 PM [vite] hmr update /src/views/DashboardView.vue, /src/assets/main.css
9:49:33 PM [vite] hmr update /src/views/PredictView.vue, /src/assets/main.css
9:49:36 PM [vite] hmr update /src/views/AnalysisView.vue, /src/assets/main.css
9:49:38 PM [vite] hmr update /src/views/AnalysisView.vue, /src/assets/main.css
9:49:40 PM [vite] hmr update /src/views/AnalysisView.vue, /src/assets/main.css
9:49:52 PM [vite] hmr update /src/views/AnalysisView.vue, /src/assets/main.css
9:49:58 PM [vite] hmr update /src/views/AnalysisView.vue, /src/assets/main.css
9:50:08 PM [vite] hmr update /src/views/AnalysisView.vue, /src/assets/main.css
9:50:15 PM [vite] hmr update /src/views/AnalysisView.vue, /src/assets/main.css
9:50:20 PM [vite] hmr update /src/views/HistoryView.vue, /src/assets/main.css
9:50:24 PM [vite] hmr update /src/views/HistoryView.vue, /src/assets/main.css
9:50:33 PM [vite] hmr update /src/views/HistoryView.vue, /src/assets/main.css
9:50:39 PM [vite] hmr update /src/views/HistoryView.vue, /src/assets/main.css
9:50:44 PM [vite] hmr update /src/views/HistoryView.vue, /src/assets/main.css
9:50:49 PM [vite] hmr update /src/views/PredictView.vue, /src/assets/main.css
9:50:55 PM [vite] hmr update /src/views/PredictView.vue, /src/assets/main.css
9:50:57 PM [vite] hmr update /src/views/PredictView.vue, /src/assets/main.css
9:51:00 PM [vite] hmr update /src/views/PredictView.vue, /src/assets/main.css
9:51:02 PM [vite] hmr update /src/views/PredictView.vue, /src/assets/main.css
9:51:05 PM [vite] hmr update /src/views/PredictView.vue, /src/assets/main.css
9:51:08 PM [vite] hmr update /src/views/PredictView.vue, /src/assets/main.css
6:17:30 PM [vite] hmr update /src/views/DashboardView.vue, /src/assets/main.css
